<?xml version="1.0" encoding="UTF-8"?>
<!-- Generated by org.testng.reporters.JUnitReportReporter -->
<testsuite skipped="0" hostname="C100-189s-iMac.local" name="TravelCalendar.calendarTravel.CalendarDatePick" tests="1" failures="0" timestamp="2023-01-13T12:14:24 IST" time="41.849" errors="0">
  <testcase name="getDate" time="41.849" classname="TravelCalendar.calendarTravel.CalendarDatePick"/>
  <system-out/>
</testsuite> <!-- TravelCalendar.calendarTravel.CalendarDatePick -->
